Determining if the pthread_create exist failed with the following output:
Change Dir: /home/jetson/Documents/LVTN/vision_ws/build/CMakeFiles/CMakeTmp

Run Build Command:"/usr/bin/make" "cmTC_c1566/fast"
/usr/bin/make -f CMakeFiles/cmTC_c1566.dir/build.make CMakeFiles/cmTC_c1566.dir/build
make[1]: Entering directory '/home/jetson/Documents/LVTN/vision_ws/build/CMakeFiles/CMakeTmp'
Building C object CMakeFiles/cmTC_c1566.dir/CheckSymbolExists.c.o
/usr/bin/cc    -o CMakeFiles/cmTC_c1566.dir/CheckSymbolExists.c.o   -c /home/jetson/Documents/LVTN/vision_ws/build/CMakeFiles/CMakeTmp/CheckSymbolExists.c
Linking C executable cmTC_c1566
/usr/local/bin/cmake -E cmake_link_script CMakeFiles/cmTC_c1566.dir/link.txt --verbose=1
/usr/bin/cc      -rdynamic CMakeFiles/cmTC_c1566.dir/CheckSymbolExists.c.o  -o cmTC_c1566 
CMakeFiles/cmTC_c1566.dir/CheckSymbolExists.c.o: In function `main':
CheckSymbolExists.c:(.text+0x14): undefined reference to `pthread_create'
CheckSymbolExists.c:(.text+0x18): undefined reference to `pthread_create'
collect2: error: ld returned 1 exit status
CMakeFiles/cmTC_c1566.dir/build.make:86: recipe for target 'cmTC_c1566' failed
make[1]: *** [cmTC_c1566] Error 1
make[1]: Leaving directory '/home/jetson/Documents/LVTN/vision_ws/build/CMakeFiles/CMakeTmp'
Makefile:121: recipe for target 'cmTC_c1566/fast' failed
make: *** [cmTC_c1566/fast] Error 2

File /home/jetson/Documents/LVTN/vision_ws/build/CMakeFiles/CMakeTmp/CheckSymbolExists.c:
/* */
#include <pthread.h>

int main(int argc, char** argv)
{
  (void)argv;
#ifndef pthread_create
  return ((int*)(&pthread_create))[argc];
#else
  (void)argc;
  return 0;
#endif
}

Determining if the function pthread_create exists in the pthreads failed with the following output:
Change Dir: /home/jetson/Documents/LVTN/vision_ws/build/CMakeFiles/CMakeTmp

Run Build Command:"/usr/bin/make" "cmTC_430aa/fast"
/usr/bin/make -f CMakeFiles/cmTC_430aa.dir/build.make CMakeFiles/cmTC_430aa.dir/build
make[1]: Entering directory '/home/jetson/Documents/LVTN/vision_ws/build/CMakeFiles/CMakeTmp'
Building C object CMakeFiles/cmTC_430aa.dir/CheckFunctionExists.c.o
/usr/bin/cc   -DCHECK_FUNCTION_EXISTS=pthread_create   -o CMakeFiles/cmTC_430aa.dir/CheckFunctionExists.c.o   -c /usr/local/share/cmake-3.12/Modules/CheckFunctionExists.c
Linking C executable cmTC_430aa
/usr/local/bin/cmake -E cmake_link_script CMakeFiles/cmTC_430aa.dir/link.txt --verbose=1
/usr/bin/cc  -DCHECK_FUNCTION_EXISTS=pthread_create    -rdynamic CMakeFiles/cmTC_430aa.dir/CheckFunctionExists.c.o  -o cmTC_430aa -lpthreads 
/usr/bin/ld: cannot find -lpthreads
collect2: error: ld returned 1 exit status
CMakeFiles/cmTC_430aa.dir/build.make:86: recipe for target 'cmTC_430aa' failed
make[1]: *** [cmTC_430aa] Error 1
make[1]: Leaving directory '/home/jetson/Documents/LVTN/vision_ws/build/CMakeFiles/CMakeTmp'
Makefile:121: recipe for target 'cmTC_430aa/fast' failed
make: *** [cmTC_430aa/fast] Error 2


